[0.773s] Invoking command in '/home/ignacio/Robotica/src/py_pubsub': DEBUGINFOD_URLS=https://debuginfod.ubuntu.com PYTHONPATH=/home/ignacio/Robotica/src/build/py_pubsub/prefix_override:/usr/lib/python3/dist-packages/colcon_core/task/python/colcon_distutils_commands:/home/ignacio/Robotica/src/install/py_pubsub/lib/python3.12/site-packages:${PYTHONPATH} /usr/bin/python3 -W ignore:setup.py install is deprecated -W ignore:easy_install command is deprecated setup.py egg_info --egg-base ../build/py_pubsub build --build-base /home/ignacio/Robotica/src/build/py_pubsub/build install --record /home/ignacio/Robotica/src/build/py_pubsub/install.log --single-version-externally-managed install_data
[0.960s] running egg_info
[0.973s] writing ../build/py_pubsub/py_pubsub.egg-info/PKG-INFO
[0.973s] writing dependency_links to ../build/py_pubsub/py_pubsub.egg-info/dependency_links.txt
[0.973s] writing entry points to ../build/py_pubsub/py_pubsub.egg-info/entry_points.txt
[0.973s] writing requirements to ../build/py_pubsub/py_pubsub.egg-info/requires.txt
[0.973s] writing top-level names to ../build/py_pubsub/py_pubsub.egg-info/top_level.txt
[1.000s] reading manifest file '../build/py_pubsub/py_pubsub.egg-info/SOURCES.txt'
[1.000s] adding license file 'LICENSE'
[1.000s] writing manifest file '../build/py_pubsub/py_pubsub.egg-info/SOURCES.txt'
[1.000s] running build
[1.000s] running build_py
[1.001s] copying py_pubsub/sensorsub.py -> /home/ignacio/Robotica/src/build/py_pubsub/build/lib/py_pubsub
[1.001s] running install
[1.005s] running install_lib
[1.019s] copying /home/ignacio/Robotica/src/build/py_pubsub/build/lib/py_pubsub/sensorsub.py -> /home/ignacio/Robotica/src/install/py_pubsub/lib/python3.12/site-packages/py_pubsub
[1.019s] byte-compiling /home/ignacio/Robotica/src/install/py_pubsub/lib/python3.12/site-packages/py_pubsub/sensorsub.py to sensorsub.cpython-312.pyc
[1.020s] running install_data
[1.020s] running install_egg_info
[1.035s] removing '/home/ignacio/Robotica/src/install/py_pubsub/lib/python3.12/site-packages/py_pubsub-0.0.0-py3.12.egg-info' (and everything under it)
[1.035s] Copying ../build/py_pubsub/py_pubsub.egg-info to /home/ignacio/Robotica/src/install/py_pubsub/lib/python3.12/site-packages/py_pubsub-0.0.0-py3.12.egg-info
[1.036s] running install_scripts
[1.130s] Installing sensor script to /home/ignacio/Robotica/src/install/py_pubsub/lib/py_pubsub
[1.130s] Installing sensorsub script to /home/ignacio/Robotica/src/install/py_pubsub/lib/py_pubsub
[1.130s] writing list of installed files to '/home/ignacio/Robotica/src/build/py_pubsub/install.log'
[1.152s] Invoked command in '/home/ignacio/Robotica/src/py_pubsub' returned '0': DEBUGINFOD_URLS=https://debuginfod.ubuntu.com PYTHONPATH=/home/ignacio/Robotica/src/build/py_pubsub/prefix_override:/usr/lib/python3/dist-packages/colcon_core/task/python/colcon_distutils_commands:/home/ignacio/Robotica/src/install/py_pubsub/lib/python3.12/site-packages:${PYTHONPATH} /usr/bin/python3 -W ignore:setup.py install is deprecated -W ignore:easy_install command is deprecated setup.py egg_info --egg-base ../build/py_pubsub build --build-base /home/ignacio/Robotica/src/build/py_pubsub/build install --record /home/ignacio/Robotica/src/build/py_pubsub/install.log --single-version-externally-managed install_data
